#
# There is insufficient memory for the Java Runtime Environment to continue.
# Native memory allocation (mmap) failed to map 335544320 bytes for G1 virtual space
# Possible reasons:
#   The system is out of physical RAM or swap space
#   The process is running with CompressedOops enabled, and the Java Heap may be blocking the growth of the native heap
# Possible solutions:
#   Reduce memory load on the system
#   Increase physical memory or swap space
#   Check if swap backing store is full
#   Decrease Java heap size (-Xmx/-Xms)
#   Decrease number of Java threads
#   Decrease Java thread stack sizes (-Xss)
#   Set larger code cache with -XX:ReservedCodeCacheSize=
#   JVM is running with Zero Based Compressed Oops mode in which the Java heap is
#     placed in the first 32GB address space. The Java Heap base address is the
#     maximum limit for the native heap growth. Please use -XX:HeapBaseMinAddress
#     to set the Java Heap base and to place the Java Heap above 32GB virtual address.
# This output file may be truncated or incomplete.
#
#  Out of Memory Error (os_windows.cpp:3530), pid=27516, tid=23280
#
# JRE version:  (18.0.2+9) (build )
# Java VM: Java HotSpot(TM) 64-Bit Server VM (18.0.2+9-61, mixed mode, sharing, tiered, compressed oops, compressed class ptrs, g1 gc, windows-amd64)
# No core dump will be written. Minidumps are not enabled by default on client versions of Windows
#

---------------  S U M M A R Y ------------

Command Line: MyApp.SpaceX_Starlink_Project

Host: Intel(R) Core(TM) i7 CPU         940  @ 2.93GHz, 8 cores, 19G,  Windows 10 , 64 bit Build 19041 (10.0.19041.1889)
Time: Thu Sep  1 00:00:54 2022 Malay Peninsula Standard Time elapsed time: 0.014235 seconds (0d 0h 0m 0s)

---------------  T H R E A D  ---------------

Current thread (0x000002cceaea0200):  JavaThread "Unknown thread" [_thread_in_vm, id=23280, stack(0x000000ffd0f00000,0x000000ffd1000000)]

Stack: [0x000000ffd0f00000,0x000000ffd1000000]
Native frames: (J=compiled Java code, j=interpreted, Vv=VM code, C=native code)
V  [jvm.dll+0x6993ca]
V  [jvm.dll+0x7f481d]
V  [jvm.dll+0x7f612e]
V  [jvm.dll+0x7f67e3]
V  [jvm.dll+0x25cdaf]
V  [jvm.dll+0x696319]
V  [jvm.dll+0x68ae4a]
V  [jvm.dll+0x3223eb]
V  [jvm.dll+0x329dc6]
V  [jvm.dll+0x37eade]
V  [jvm.dll+0x37ed0f]
V  [jvm.dll+0x2fa16a]
V  [jvm.dll+0x2fb1cd]
V  [jvm.dll+0x7c3450]
V  [jvm.dll+0x38be61]
V  [jvm.dll+0x7a2073]
V  [jvm.dll+0x40dc3f]
V  [jvm.dll+0x40f611]
C  [jli.dll+0x526b]
C  [ucrtbase.dll+0x21bb2]
C  [KERNEL32.DLL+0x17034]
C  [ntdll.dll+0x52651]


---------------  P R O C E S S  ---------------

Threads class SMR info:
_java_thread_list=0x00007ffed768e550, length=0, elements={
}

Java Threads: ( => current thread )

Other Threads:
  0x000002cceaf1d3c0 WorkerThread "GC Thread#0" [stack: 0x000000ffd1000000,0x000000ffd1100000] [id=4948]
  0x000002cceaf46b00 ConcurrentGCThread "G1 Main Marker" [stack: 0x000000ffd1100000,0x000000ffd1200000] [id=18400]
  0x000002cceaf48ca0 WorkerThread "G1 Conc#0" [stack: 0x000000ffd1200000,0x000000ffd1300000] [id=2948]

[error occurred during error reporting (printing all threads), id 0xc0000005, EXCEPTION_ACCESS_VIOLATION (0xc0000005) at pc=0x00007ffed6eba707]

VM state: not at safepoint (not fully initialized)

VM Mutex/Monitor currently owned by a thread:  ([mutex/lock_event])
[0x000002cceae9c440] Heap_lock - owner thread: 0x000002cceaea0200

Heap address: 0x00000006c0000000, size: 5120 MB, Compressed Oops mode: Zero based, Oop shift amount: 3

CDS archive(s) mapped at: [0x0000000000000000-0x0000000000000000-0x0000000000000000), size 0, SharedBaseAddress: 0x0000000800000000, ArchiveRelocationMode: 0.
Narrow klass base: 0x0000000000000000, Narrow klass shift: 0, Narrow klass range: 0x0

GC Precious Log:
 CardTable entry size: 512
 Card Set container configuration: InlinePtr #cards 4 size 8 Array Of Cards #cards 32 size 80 Howl #buckets 8 coarsen threshold 7372 Howl Bitmap #cards 1024 size 144 coarsen threshold 921 Card regions per heap region 1 cards per card region 8192

Heap:
 garbage-first heap   total 0K, used 0K [0x00000006c0000000, 0x0000000800000000)
  region size 4096K, 0 young (0K), 0 survivors (0K)

[error occurred during error reporting (printing heap information), id 0xc0000005, EXCEPTION_ACCESS_VIOLATION (0xc0000005) at pc=0x00007ffed72a1859]

GC Heap History (0 events):
No events

Deoptimization events (0 events):
No events

Classes loaded (0 events):
No events

Classes unloaded (0 events):
No events

Classes redefined (0 events):
No events

Internal exceptions (0 events):
No events

VM Operations (0 events):
No events

Events (1 events):
Event: 0.010 Loaded shared library C:\Program Files\Java\jdk-18.0.2\bin\java.dll


Dynamic libraries:
0x00007ff734cb0000 - 0x00007ff734cc0000 	C:\Program Files\Java\jdk-18.0.2\bin\java.exe
0x00007fff4beb0000 - 0x00007fff4c0a8000 	C:\WINDOWS\SYSTEM32\ntdll.dll
0x00007fff4a600000 - 0x00007fff4a6bd000 	C:\WINDOWS\System32\KERNEL32.DLL
0x00007fff48c50000 - 0x00007fff48f1e000 	C:\WINDOWS\System32\KERNELBASE.dll
0x00007fff49460000 - 0x00007fff49560000 	C:\WINDOWS\System32\ucrtbase.dll
0x00007fff3e200000 - 0x00007fff3e21a000 	C:\Program Files\Java\jdk-18.0.2\bin\VCRUNTIME140.dll
0x00007fff3e2a0000 - 0x00007fff3e2b8000 	C:\Program Files\Java\jdk-18.0.2\bin\jli.dll
0x00007fff4b2e0000 - 0x00007fff4b38e000 	C:\WINDOWS\System32\ADVAPI32.dll
0x00007fff4a6c0000 - 0x00007fff4a75e000 	C:\WINDOWS\System32\msvcrt.dll
0x00007fff4b190000 - 0x00007fff4b22c000 	C:\WINDOWS\System32\sechost.dll
0x00007fff49560000 - 0x00007fff49685000 	C:\WINDOWS\System32\RPCRT4.dll
0x00007fff4b620000 - 0x00007fff4b7c0000 	C:\WINDOWS\System32\USER32.dll
0x00007fff35710000 - 0x00007fff359aa000 	C:\WINDOWS\WinSxS\amd64_microsoft.windows.common-controls_6595b64144ccf1df_6.0.19041.1110_none_60b5254171f9507e\COMCTL32.dll
0x00007fff49430000 - 0x00007fff49452000 	C:\WINDOWS\System32\win32u.dll
0x00007fff4a880000 - 0x00007fff4a8aa000 	C:\WINDOWS\System32\GDI32.dll
0x00007fff48fb0000 - 0x00007fff490bb000 	C:\WINDOWS\System32\gdi32full.dll
0x00007fff410b0000 - 0x00007fff410ba000 	C:\WINDOWS\SYSTEM32\VERSION.dll
0x00007fff49170000 - 0x00007fff4920d000 	C:\WINDOWS\System32\msvcp_win.dll
0x00007fff4b3f0000 - 0x00007fff4b420000 	C:\WINDOWS\System32\IMM32.DLL
0x00007fff41760000 - 0x00007fff4176c000 	C:\Program Files\Java\jdk-18.0.2\bin\vcruntime140_1.dll
0x00007fff1a6e0000 - 0x00007fff1a76d000 	C:\Program Files\Java\jdk-18.0.2\bin\msvcp140.dll
0x00007ffed6bb0000 - 0x00007ffed77c1000 	C:\Program Files\Java\jdk-18.0.2\bin\server\jvm.dll
0x00007fff4b110000 - 0x00007fff4b118000 	C:\WINDOWS\System32\PSAPI.DLL
0x00007fff42200000 - 0x00007fff42209000 	C:\WINDOWS\SYSTEM32\WSOCK32.dll
0x00007fff38150000 - 0x00007fff38177000 	C:\WINDOWS\SYSTEM32\WINMM.dll
0x00007fff4be00000 - 0x00007fff4be6b000 	C:\WINDOWS\System32\WS2_32.dll
0x00007fff46b10000 - 0x00007fff46b22000 	C:\WINDOWS\SYSTEM32\kernel.appcore.dll
0x00007fff3e230000 - 0x00007fff3e23a000 	C:\Program Files\Java\jdk-18.0.2\bin\jimage.dll
0x00007fff363e0000 - 0x00007fff365c4000 	C:\WINDOWS\SYSTEM32\DBGHELP.DLL
0x00007fff30fc0000 - 0x00007fff30fec000 	C:\WINDOWS\SYSTEM32\dbgcore.DLL
0x00007fff48f20000 - 0x00007fff48fa2000 	C:\WINDOWS\System32\bcryptPrimitives.dll
0x00007fff2d530000 - 0x00007fff2d555000 	C:\Program Files\Java\jdk-18.0.2\bin\java.dll

dbghelp: loaded successfully - version: 4.0.5 - missing functions: none
symbol engine: initialized successfully - sym options: 0x614 - pdb path: .;C:\Program Files\Java\jdk-18.0.2\bin;C:\WINDOWS\SYSTEM32;C:\WINDOWS\WinSxS\amd64_microsoft.windows.common-controls_6595b64144ccf1df_6.0.19041.1110_none_60b5254171f9507e;C:\Program Files\Java\jdk-18.0.2\bin\server

VM Arguments:
java_command: MyApp.SpaceX_Starlink_Project
java_class_path (initial): C:\Users\Jahn\Documents\NetBeansProjects\SpaceX_Starlink_Project\target\classes
Launcher Type: SUN_STANDARD

[Global flags]
     intx CICompilerCount                          = 4                                         {product} {ergonomic}
     uint ConcGCThreads                            = 2                                         {product} {ergonomic}
     uint G1ConcRefinementThreads                  = 8                                         {product} {ergonomic}
   size_t G1HeapRegionSize                         = 4194304                                   {product} {ergonomic}
    uintx GCDrainStackTargetSize                   = 64                                        {product} {ergonomic}
   size_t InitialHeapSize                          = 335544320                                 {product} {ergonomic}
   size_t MarkStackSize                            = 4194304                                   {product} {ergonomic}
   size_t MaxHeapSize                              = 5368709120                                {product} {ergonomic}
   size_t MinHeapDeltaBytes                        = 4194304                                   {product} {ergonomic}
   size_t MinHeapSize                              = 8388608                                   {product} {ergonomic}
    uintx NonNMethodCodeHeapSize                   = 5839372                                {pd product} {ergonomic}
    uintx NonProfiledCodeHeapSize                  = 122909434                              {pd product} {ergonomic}
    uintx ProfiledCodeHeapSize                     = 122909434                              {pd product} {ergonomic}
    uintx ReservedCodeCacheSize                    = 251658240                              {pd product} {ergonomic}
     bool SegmentedCodeCache                       = true                                      {product} {ergonomic}
   size_t SoftMaxHeapSize                          = 5368709120                             {manageable} {ergonomic}
     bool UseCompressedClassPointers               = true                           {product lp64_product} {ergonomic}
     bool UseCompressedOops                        = true                           {product lp64_product} {ergonomic}
     bool UseG1GC                                  = true                                      {product} {ergonomic}
     bool UseLargePagesIndividualAllocation        = false                                  {pd product} {ergonomic}

Logging:
Log output configuration:
 #0: stdout all=warning uptime,level,tags foldmultilines=false
 #1: stderr all=off uptime,level,tags foldmultilines=false

Environment Variables:
JAVA_HOME=C:\Program Files\Java\jdk-18.0.2
PATH=C:\ProgramData\Oracle\Java\javapath;C:\Program Files (x86)\Common Files\Intel\Shared Libraries\redist\intel64\compiler;C:\Program Files\Common Files\Oracle\Java\javapath;C:\WINDOWS\system32;C:\WINDOWS;C:\WINDOWS\System32\Wbem;C:\WINDOWS\System32\WindowsPowerShell\v1.0\;C:\WINDOWS\System32\OpenSSH\;C:\Program Files (x86)\NVIDIA Corporation\PhysX\Common;C:\Program Files\NVIDIA Corporation\NVIDIA NvDLISR;C:\Program Files\Java\jdk-18.0.2\bin;C:\Program Files (x86)\dotnet\;C:\Users\Jahn\AppData\Local\Programs\Python\Python310\Scripts\;C:\Users\Jahn\AppData\Local\Programs\Python\Python310\;C:\Users\Jahn\AppData\Local\Microsoft\WindowsApps;C:\Users\Jahn\AppData\Local\atom\bin;D:\Microsoft VS Code\bin;C:\Users\Jahn\AppData\Local\GitHubDesktop\bin
USERNAME=Jahn
OS=Windows_NT
PROCESSOR_IDENTIFIER=Intel64 Family 6 Model 26 Stepping 4, GenuineIntel



---------------  S Y S T E M  ---------------

OS:
 Windows 10 , 64 bit Build 19041 (10.0.19041.1889)
OS uptime: 0 days 10:01 hours

CPU: total 8 (initial active 8) (4 cores per cpu, 2 threads per core) family 6 model 26 stepping 4 microcode 0x12, cx8, cmov, fxsr, ht, mmx, sse, sse2, sse3, ssse3, sse4.1, sse4.2, popcnt, tsc, tscinvbit, clflush

Memory: 4k page, system-wide physical 20471M (6614M free)
TotalPageFile size 50186M (AvailPageFile size 49M)
current process WorkingSet (physical memory assigned to process): 10M, peak: 10M
current process commit charge ("private bytes"): 60M, peak: 380M

vm_info: Java HotSpot(TM) 64-Bit Server VM (18.0.2+9-61) for windows-amd64 JRE (18.0.2+9-61), built on Jun  7 2022 13:09:01 by "mach5one" with MS VC++ 16.8 / 16.9 (VS2019)

END.
